<?xml version="1.0" encoding="UTF-8"?>
<coverage generated="1760395714253" clover="3.2.0">
  <project timestamp="1760395714253" name="All files">
    <metrics statements="204" coveredstatements="183" conditionals="48" coveredconditionals="31" methods="55" coveredmethods="47" elements="307" coveredelements="261" complexity="0" loc="204" ncloc="204" packages="1" files="5" classes="5"/>
    <file name="completionProvider.ts" path="D:\Agent_Cellphone_V2_Repository\extensions\repository-navigator\src\completionProvider.ts">
      <metrics statements="30" coveredstatements="30" conditionals="7" coveredconditionals="7" methods="7" coveredmethods="7"/>
      <line num="1" count="2" type="stmt"/>
      <line num="8" count="2" type="stmt"/>
      <line num="16" count="12" type="stmt"/>
      <line num="33" count="6" type="stmt"/>
      <line num="36" count="6" type="cond" truecount="1" falsecount="0"/>
      <line num="37" count="1" type="stmt"/>
      <line num="41" count="5" type="stmt"/>
      <line num="42" count="10" type="stmt"/>
      <line num="52" count="6" type="stmt"/>
      <line num="61" count="10" type="stmt"/>
      <line num="67" count="10" type="stmt"/>
      <line num="70" count="10" type="cond" truecount="2" falsecount="0"/>
      <line num="73" count="10" type="stmt"/>
      <line num="76" count="10" type="stmt"/>
      <line num="79" count="10" type="stmt"/>
      <line num="81" count="10" type="stmt"/>
      <line num="90" count="10" type="stmt"/>
      <line num="93" count="10" type="stmt"/>
      <line num="94" count="10" type="stmt"/>
      <line num="97" count="10" type="stmt"/>
      <line num="100" count="10" type="stmt"/>
      <line num="103" count="10" type="stmt"/>
      <line num="106" count="10" type="stmt"/>
      <line num="109" count="10" type="cond" truecount="1" falsecount="0"/>
      <line num="110" count="5" type="stmt"/>
      <line num="114" count="10" type="cond" truecount="3" falsecount="0"/>
      <line num="115" count="10" type="stmt"/>
      <line num="118" count="10" type="stmt"/>
      <line num="119" count="10" type="stmt"/>
      <line num="133" count="1" type="stmt"/>
    </file>
    <file name="extension.ts" path="D:\Agent_Cellphone_V2_Repository\extensions\repository-navigator\src\extension.ts">
      <metrics statements="52" coveredstatements="37" conditionals="11" coveredconditionals="2" methods="8" coveredmethods="5"/>
      <line num="8" count="1" type="stmt"/>
      <line num="9" count="1" type="stmt"/>
      <line num="10" count="1" type="stmt"/>
      <line num="11" count="1" type="stmt"/>
      <line num="12" count="1" type="stmt"/>
      <line num="13" count="1" type="stmt"/>
      <line num="21" count="1" type="stmt"/>
      <line num="22" count="5" type="stmt"/>
      <line num="25" count="5" type="stmt"/>
      <line num="28" count="5" type="cond" truecount="0" falsecount="1"/>
      <line num="29" count="0" type="stmt"/>
      <line num="36" count="5" type="stmt"/>
      <line num="39" count="5" type="stmt"/>
      <line num="45" count="5" type="stmt"/>
      <line num="46" count="5" type="cond" truecount="1" falsecount="0"/>
      <line num="47" count="5" type="stmt"/>
      <line num="50" count="5" type="stmt"/>
      <line num="51" count="5" type="cond" truecount="1" falsecount="1"/>
      <line num="52" count="0" type="stmt"/>
      <line num="54" count="5" type="stmt"/>
      <line num="59" count="5" type="stmt"/>
      <line num="66" count="5" type="stmt"/>
      <line num="70" count="5" type="stmt"/>
      <line num="71" count="0" type="stmt"/>
      <line num="72" count="0" type="stmt"/>
      <line num="73" count="0" type="cond" truecount="0" falsecount="1"/>
      <line num="74" count="0" type="stmt"/>
      <line num="79" count="5" type="stmt"/>
      <line num="82" count="0" type="stmt"/>
      <line num="83" count="0" type="stmt"/>
      <line num="89" count="5" type="stmt"/>
      <line num="92" count="1" type="stmt"/>
      <line num="97" count="5" type="stmt"/>
      <line num="100" count="0" type="cond" truecount="0" falsecount="1"/>
      <line num="101" count="0" type="stmt"/>
      <line num="102" count="0" type="stmt"/>
      <line num="103" count="0" type="stmt"/>
      <line num="113" count="5" type="stmt"/>
      <line num="121" count="5" type="stmt"/>
      <line num="128" count="1" type="stmt"/>
      <line num="129" count="1" type="stmt"/>
      <line num="130" count="1" type="cond" truecount="0" falsecount="1"/>
      <line num="131" count="0" type="stmt"/>
      <line num="135" count="1" type="stmt"/>
      <line num="138" count="1" type="stmt"/>
      <line num="139" count="1" type="stmt"/>
      <line num="142" count="1" type="stmt"/>
      <line num="144" count="1" type="stmt"/>
      <line num="146" count="0" type="stmt"/>
      <line num="149" count="0" type="stmt"/>
      <line num="156" count="1" type="stmt"/>
      <line num="157" count="1" type="stmt"/>
    </file>
    <file name="importPathProvider.ts" path="D:\Agent_Cellphone_V2_Repository\extensions\repository-navigator\src\importPathProvider.ts">
      <metrics statements="33" coveredstatements="31" conditionals="1" coveredconditionals="1" methods="16" coveredmethods="14"/>
      <line num="2" count="2" type="stmt"/>
      <line num="8" count="2" type="stmt"/>
      <line num="10" count="20" type="stmt"/>
      <line num="17" count="20" type="stmt"/>
      <line num="25" count="21" type="stmt"/>
      <line num="26" count="21" type="stmt"/>
      <line num="27" count="20" type="cond" truecount="1" falsecount="0"/>
      <line num="28" count="6" type="stmt"/>
      <line num="29" count="6" type="stmt"/>
      <line num="31" count="14" type="stmt"/>
      <line num="32" count="14" type="stmt"/>
      <line num="34" count="1" type="stmt"/>
      <line num="35" count="1" type="stmt"/>
      <line num="45" count="14" type="stmt"/>
      <line num="47" count="14" type="stmt"/>
      <line num="48" count="13" type="stmt"/>
      <line num="49" count="26" type="stmt"/>
      <line num="63" count="14" type="stmt"/>
      <line num="71" count="1" type="stmt"/>
      <line num="80" count="3" type="stmt"/>
      <line num="81" count="3" type="stmt"/>
      <line num="82" count="6" type="stmt"/>
      <line num="92" count="2" type="stmt"/>
      <line num="93" count="4" type="stmt"/>
      <line num="103" count="3" type="stmt"/>
      <line num="104" count="4" type="stmt"/>
      <line num="106" count="3" type="stmt"/>
      <line num="115" count="0" type="stmt"/>
      <line num="116" count="0" type="stmt"/>
      <line num="126" count="2" type="stmt"/>
      <line num="127" count="3" type="stmt"/>
      <line num="136" count="4" type="stmt"/>
      <line num="144" count="1" type="stmt"/>
    </file>
    <file name="metadataReader.ts" path="D:\Agent_Cellphone_V2_Repository\extensions\repository-navigator\src\metadataReader.ts">
      <metrics statements="29" coveredstatements="29" conditionals="5" coveredconditionals="5" methods="8" coveredmethods="5"/>
      <line num="7" count="4" type="stmt"/>
      <line num="8" count="4" type="stmt"/>
      <line num="9" count="4" type="stmt"/>
      <line num="12" count="4" type="stmt"/>
      <line num="17" count="12" type="stmt"/>
      <line num="18" count="12" type="cond" truecount="1" falsecount="0"/>
      <line num="19" count="1" type="stmt"/>
      <line num="21" count="11" type="stmt"/>
      <line num="22" count="11" type="stmt"/>
      <line num="33" count="5" type="stmt"/>
      <line num="35" count="5" type="cond" truecount="1" falsecount="0"/>
      <line num="36" count="1" type="stmt"/>
      <line num="40" count="1" type="stmt"/>
      <line num="44" count="4" type="stmt"/>
      <line num="47" count="4" type="stmt"/>
      <line num="50" count="3" type="cond" truecount="3" falsecount="0"/>
      <line num="51" count="2" type="stmt"/>
      <line num="52" count="2" type="stmt"/>
      <line num="55" count="1" type="stmt"/>
      <line num="57" count="1" type="stmt"/>
      <line num="58" count="1" type="stmt"/>
      <line num="66" count="1" type="stmt"/>
      <line num="71" count="1" type="stmt"/>
      <line num="73" count="1" type="stmt"/>
      <line num="74" count="1" type="stmt"/>
      <line num="75" count="1" type="stmt"/>
      <line num="77" count="1" type="stmt"/>
      <line num="84" count="3" type="stmt"/>
      <line num="91" count="2" type="stmt"/>
    </file>
    <file name="treeDataProvider.ts" path="D:\Agent_Cellphone_V2_Repository\extensions\repository-navigator\src\treeDataProvider.ts">
      <metrics statements="60" coveredstatements="56" conditionals="24" coveredconditionals="16" methods="16" coveredmethods="16"/>
      <line num="7" count="2" type="stmt"/>
      <line num="8" count="2" type="stmt"/>
      <line num="9" count="2" type="stmt"/>
      <line num="12" count="2" type="stmt"/>
      <line num="15" count="7" type="stmt"/>
      <line num="19" count="7" type="stmt"/>
      <line num="26" count="7" type="stmt"/>
      <line num="33" count="1" type="stmt"/>
      <line num="40" count="1" type="stmt"/>
      <line num="47" count="5" type="cond" truecount="2" falsecount="0"/>
      <line num="49" count="2" type="stmt"/>
      <line num="50" count="3" type="cond" truecount="2" falsecount="0"/>
      <line num="52" count="2" type="stmt"/>
      <line num="55" count="1" type="stmt"/>
      <line num="63" count="2" type="stmt"/>
      <line num="65" count="2" type="cond" truecount="3" falsecount="0"/>
      <line num="66" count="1" type="stmt"/>
      <line num="78" count="1" type="stmt"/>
      <line num="79" count="1" type="stmt"/>
      <line num="87" count="2" type="stmt"/>
      <line num="89" count="2" type="cond" truecount="0" falsecount="1"/>
      <line num="90" count="0" type="stmt"/>
      <line num="93" count="2" type="stmt"/>
      <line num="94" count="1" type="stmt"/>
      <line num="97" count="2" type="cond" truecount="1" falsecount="0"/>
      <line num="98" count="1" type="stmt"/>
      <line num="101" count="1" type="stmt"/>
      <line num="102" count="1" type="stmt"/>
      <line num="110" count="1" type="stmt"/>
      <line num="111" count="1" type="stmt"/>
      <line num="112" count="1" type="stmt"/>
      <line num="113" count="1" type="stmt"/>
      <line num="115" count="1" type="stmt"/>
      <line num="133" count="1" type="cond" truecount="1" falsecount="1"/>
      <line num="134" count="1" type="stmt"/>
      <line num="135" count="1" type="stmt"/>
      <line num="136" count="1" type="stmt"/>
      <line num="137" count="1" type="stmt"/>
      <line num="142" count="1" type="stmt"/>
      <line num="157" count="1" type="cond" truecount="1" falsecount="3"/>
      <line num="158" count="1" type="stmt"/>
      <line num="159" count="0" type="stmt"/>
      <line num="160" count="0" type="stmt"/>
      <line num="161" count="0" type="stmt"/>
      <line num="169" count="1" type="stmt"/>
      <line num="187" count="1" type="stmt"/>
      <line num="196" count="8" type="stmt"/>
      <line num="203" count="2" type="stmt"/>
      <line num="205" count="10" type="stmt"/>
      <line num="206" count="10" type="stmt"/>
      <line num="207" count="10" type="stmt"/>
      <line num="208" count="10" type="stmt"/>
      <line num="209" count="10" type="stmt"/>
      <line num="210" count="10" type="stmt"/>
      <line num="211" count="10" type="stmt"/>
      <line num="213" count="10" type="stmt"/>
      <line num="215" count="10" type="stmt"/>
      <line num="216" count="10" type="stmt"/>
      <line num="219" count="10" type="cond" truecount="3" falsecount="0"/>
      <line num="220" count="2" type="stmt"/>
    </file>
  </project>
</coverage>
