{"D:\\Agent_Cellphone_V2_Repository\\extensions\\repository-navigator\\src\\completionProvider.ts": {"path":"D:\\Agent_Cellphone_V2_Repository\\extensions\\repository-navigator\\src\\completionProvider.ts","statementMap":{"0":{"start":{"line":1,"column":0},"end":{"line":1,"column":33}},"1":{"start":{"line":16,"column":8},"end":{"line":16,"column":53}},"2":{"start":{"line":33,"column":27},"end":{"line":33,"column":90}},"3":{"start":{"line":36,"column":8},"end":{"line":38,"column":9}},"4":{"start":{"line":37,"column":12},"end":{"line":37,"column":29}},"5":{"start":{"line":41,"column":28},"end":{"line":41,"column":71}},"6":{"start":{"line":42,"column":8},"end":{"line":42,"column":84}},"7":{"start":{"line":42,"column":45},"end":{"line":42,"column":82}},"8":{"start":{"line":52,"column":8},"end":{"line":52,"column":53}},"9":{"start":{"line":61,"column":21},"end":{"line":63,"column":null}},"10":{"start":{"line":67,"column":8},"end":{"line":67,"column":48}},"11":{"start":{"line":70,"column":8},"end":{"line":70,"column":99}},"12":{"start":{"line":73,"column":8},"end":{"line":73,"column":83}},"13":{"start":{"line":76,"column":8},"end":{"line":76,"column":82}},"14":{"start":{"line":79,"column":8},"end":{"line":79,"column":66}},"15":{"start":{"line":81,"column":8},"end":{"line":81,"column":20}},"16":{"start":{"line":90,"column":25},"end":{"line":90,"column":52}},"17":{"start":{"line":93,"column":8},"end":{"line":93,"column":68}},"18":{"start":{"line":94,"column":8},"end":{"line":94,"column":65}},"19":{"start":{"line":97,"column":8},"end":{"line":97,"column":86}},"20":{"start":{"line":100,"column":8},"end":{"line":100,"column":66}},"21":{"start":{"line":103,"column":8},"end":{"line":103,"column":78}},"22":{"start":{"line":106,"column":8},"end":{"line":106,"column":70}},"23":{"start":{"line":109,"column":8},"end":{"line":111,"column":9}},"24":{"start":{"line":110,"column":12},"end":{"line":110,"column":64}},"25":{"start":{"line":114,"column":8},"end":{"line":116,"column":9}},"26":{"start":{"line":115,"column":12},"end":{"line":115,"column":99}},"27":{"start":{"line":118,"column":8},"end":{"line":118,"column":34}},"28":{"start":{"line":119,"column":8},"end":{"line":119,"column":24}},"29":{"start":{"line":133,"column":8},"end":{"line":133,"column":20}},"30":{"start":{"line":8,"column":0},"end":{"line":8,"column":13}}},"fnMap":{"0":{"name":"(anonymous_9)","decl":{"start":{"line":15,"column":4},"end":{"line":15,"column":16}},"loc":{"start":{"line":15,"column":54},"end":{"line":17,"column":5}}},"1":{"name":"(anonymous_10)","decl":{"start":{"line":27,"column":4},"end":{"line":27,"column":26}},"loc":{"start":{"line":31,"column":41},"end":{"line":43,"column":5}}},"2":{"name":"(anonymous_11)","decl":{"start":{"line":42,"column":31},"end":{"line":42,"column":41}},"loc":{"start":{"line":42,"column":45},"end":{"line":42,"column":82}}},"3":{"name":"(anonymous_12)","decl":{"start":{"line":50,"column":12},"end":{"line":50,"column":27}},"loc":{"start":{"line":50,"column":46},"end":{"line":53,"column":5}}},"4":{"name":"(anonymous_13)","decl":{"start":{"line":60,"column":12},"end":{"line":60,"column":32}},"loc":{"start":{"line":60,"column":61},"end":{"line":82,"column":5}}},"5":{"name":"(anonymous_14)","decl":{"start":{"line":89,"column":12},"end":{"line":89,"column":31}},"loc":{"start":{"line":89,"column":60},"end":{"line":120,"column":5}}},"6":{"name":"(anonymous_15)","decl":{"start":{"line":128,"column":4},"end":{"line":128,"column":25}},"loc":{"start":{"line":130,"column":39},"end":{"line":134,"column":5}}}},"branchMap":{"0":{"loc":{"start":{"line":36,"column":8},"end":{"line":38,"column":9}},"type":"if","locations":[{"start":{"line":36,"column":8},"end":{"line":38,"column":9}}]},"1":{"loc":{"start":{"line":70,"column":24},"end":{"line":70,"column":98}},"type":"cond-expr","locations":[{"start":{"line":70,"column":46},"end":{"line":70,"column":74}},{"start":{"line":70,"column":77},"end":{"line":70,"column":98}}]},"2":{"loc":{"start":{"line":109,"column":8},"end":{"line":111,"column":9}},"type":"if","locations":[{"start":{"line":109,"column":8},"end":{"line":111,"column":9}}]},"3":{"loc":{"start":{"line":114,"column":8},"end":{"line":116,"column":9}},"type":"if","locations":[{"start":{"line":114,"column":8},"end":{"line":116,"column":9}}]},"4":{"loc":{"start":{"line":114,"column":12},"end":{"line":114,"column":73}},"type":"binary-expr","locations":[{"start":{"line":114,"column":12},"end":{"line":114,"column":35}},{"start":{"line":114,"column":39},"end":{"line":114,"column":73}}]}},"s":{"0":2,"1":12,"2":6,"3":6,"4":1,"5":5,"6":5,"7":10,"8":6,"9":10,"10":10,"11":10,"12":10,"13":10,"14":10,"15":10,"16":10,"17":10,"18":10,"19":10,"20":10,"21":10,"22":10,"23":10,"24":5,"25":10,"26":10,"27":10,"28":10,"29":1,"30":2},"f":{"0":12,"1":6,"2":10,"3":6,"4":10,"5":10,"6":1},"b":{"0":[1],"1":[5,5],"2":[5],"3":[10],"4":[10,10]}}
,"D:\\Agent_Cellphone_V2_Repository\\extensions\\repository-navigator\\src\\extension.ts": {"path":"D:\\Agent_Cellphone_V2_Repository\\extensions\\repository-navigator\\src\\extension.ts","statementMap":{"0":{"start":{"line":21,"column":0},"end":{"line":21,"column":16}},"1":{"start":{"line":156,"column":0},"end":{"line":156,"column":16}},"2":{"start":{"line":8,"column":0},"end":{"line":8,"column":33}},"3":{"start":{"line":9,"column":0},"end":{"line":9,"column":29}},"4":{"start":{"line":10,"column":0},"end":{"line":10,"column":58}},"5":{"start":{"line":11,"column":0},"end":{"line":11,"column":50}},"6":{"start":{"line":12,"column":0},"end":{"line":12,"column":58}},"7":{"start":{"line":13,"column":0},"end":{"line":13,"column":64}},"8":{"start":{"line":22,"column":4},"end":{"line":22,"column":64}},"9":{"start":{"line":25,"column":27},"end":{"line":25,"column":47}},"10":{"start":{"line":28,"column":4},"end":{"line":33,"column":5}},"11":{"start":{"line":29,"column":8},"end":{"line":32,"column":10}},"12":{"start":{"line":36,"column":4},"end":{"line":36,"column":50}},"13":{"start":{"line":39,"column":21},"end":{"line":42,"column":6}},"14":{"start":{"line":45,"column":26},"end":{"line":45,"column":75}},"15":{"start":{"line":46,"column":4},"end":{"line":67,"column":5}},"16":{"start":{"line":47,"column":8},"end":{"line":47,"column":67}},"17":{"start":{"line":50,"column":8},"end":{"line":56,"column":11}},"18":{"start":{"line":51,"column":12},"end":{"line":55,"column":13}},"19":{"start":{"line":52,"column":16},"end":{"line":52,"column":103}},"20":{"start":{"line":54,"column":16},"end":{"line":54,"column":79}},"21":{"start":{"line":59,"column":35},"end":{"line":64,"column":10}},"22":{"start":{"line":66,"column":8},"end":{"line":66,"column":55}},"23":{"start":{"line":70,"column":28},"end":{"line":76,"column":6}},"24":{"start":{"line":71,"column":8},"end":{"line":71,"column":83}},"25":{"start":{"line":72,"column":8},"end":{"line":72,"column":35}},"26":{"start":{"line":73,"column":8},"end":{"line":75,"column":9}},"27":{"start":{"line":74,"column":12},"end":{"line":74,"column":41}},"28":{"start":{"line":79,"column":27},"end":{"line":86,"column":null}},"29":{"start":{"line":82,"column":12},"end":{"line":82,"column":39}},"30":{"start":{"line":83,"column":12},"end":{"line":85,"column":14}},"31":{"start":{"line":89,"column":28},"end":{"line":93,"column":null}},"32":{"start":{"line":92,"column":12},"end":{"line":92,"column":41}},"33":{"start":{"line":97,"column":34},"end":{"line":109,"column":null}},"34":{"start":{"line":100,"column":12},"end":{"line":108,"column":13}},"35":{"start":{"line":101,"column":32},"end":{"line":101,"column":66}},"36":{"start":{"line":102,"column":30},"end":{"line":102,"column":59}},"37":{"start":{"line":103,"column":16},"end":{"line":107,"column":18}},"38":{"start":{"line":113,"column":4},"end":{"line":119,"column":6}},"39":{"start":{"line":121,"column":4},"end":{"line":121,"column":74}},"40":{"start":{"line":128,"column":4},"end":{"line":150,"column":5}},"41":{"start":{"line":129,"column":30},"end":{"line":129,"column":79}},"42":{"start":{"line":130,"column":8},"end":{"line":132,"column":9}},"43":{"start":{"line":131,"column":12},"end":{"line":131,"column":57}},"44":{"start":{"line":135,"column":25},"end":{"line":135,"column":59}},"45":{"start":{"line":138,"column":20},"end":{"line":138,"column":45}},"46":{"start":{"line":139,"column":25},"end":{"line":139,"column":69}},"47":{"start":{"line":142,"column":8},"end":{"line":142,"column":55}},"48":{"start":{"line":144,"column":8},"end":{"line":144,"column":46}},"49":{"start":{"line":146,"column":8},"end":{"line":148,"column":10}},"50":{"start":{"line":149,"column":8},"end":{"line":149,"column":52}},"51":{"start":{"line":157,"column":4},"end":{"line":157,"column":62}}},"fnMap":{"0":{"name":"activate","decl":{"start":{"line":21,"column":16},"end":{"line":21,"column":24}},"loc":{"start":{"line":21,"column":57},"end":{"line":122,"column":1}}},"1":{"name":"(anonymous_10)","decl":{"start":{"line":50,"column":50},"end":{"line":50,"column":57}},"loc":{"start":{"line":50,"column":60},"end":{"line":56,"column":9}}},"2":{"name":"(anonymous_11)","decl":{"start":{"line":70,"column":57},"end":{"line":70,"column":60}},"loc":{"start":{"line":70,"column":62},"end":{"line":76,"column":5}}},"3":{"name":"(anonymous_12)","decl":{"start":{"line":81,"column":8},"end":{"line":81,"column":11}},"loc":{"start":{"line":81,"column":13},"end":{"line":86,"column":9}}},"4":{"name":"(anonymous_13)","decl":{"start":{"line":91,"column":8},"end":{"line":91,"column":13}},"loc":{"start":{"line":91,"column":35},"end":{"line":93,"column":9}}},"5":{"name":"(anonymous_14)","decl":{"start":{"line":99,"column":8},"end":{"line":99,"column":13}},"loc":{"start":{"line":99,"column":19},"end":{"line":109,"column":9}}},"6":{"name":"openRepoFile","decl":{"start":{"line":127,"column":15},"end":{"line":127,"column":27}},"loc":{"start":{"line":127,"column":44},"end":{"line":151,"column":1}}},"7":{"name":"deactivate","decl":{"start":{"line":156,"column":16},"end":{"line":156,"column":26}},"loc":{"start":{"line":156,"column":26},"end":{"line":158,"column":1}}}},"branchMap":{"0":{"loc":{"start":{"line":28,"column":4},"end":{"line":33,"column":5}},"type":"if","locations":[{"start":{"line":28,"column":4},"end":{"line":33,"column":5}}]},"1":{"loc":{"start":{"line":46,"column":4},"end":{"line":67,"column":5}},"type":"if","locations":[{"start":{"line":46,"column":4},"end":{"line":67,"column":5}}]},"2":{"loc":{"start":{"line":51,"column":12},"end":{"line":55,"column":13}},"type":"if","locations":[{"start":{"line":51,"column":12},"end":{"line":55,"column":13}},{"start":{"line":53,"column":19},"end":{"line":55,"column":13}}]},"3":{"loc":{"start":{"line":73,"column":8},"end":{"line":75,"column":9}},"type":"if","locations":[{"start":{"line":73,"column":8},"end":{"line":75,"column":9}}]},"4":{"loc":{"start":{"line":100,"column":12},"end":{"line":108,"column":13}},"type":"if","locations":[{"start":{"line":100,"column":12},"end":{"line":108,"column":13}}]},"5":{"loc":{"start":{"line":104,"column":20},"end":{"line":106,"column":77}},"type":"cond-expr","locations":[{"start":{"line":105,"column":26},"end":{"line":105,"column":85}},{"start":{"line":106,"column":26},"end":{"line":106,"column":77}}]},"6":{"loc":{"start":{"line":130,"column":8},"end":{"line":132,"column":9}},"type":"if","locations":[{"start":{"line":130,"column":8},"end":{"line":132,"column":9}}]},"7":{"loc":{"start":{"line":147,"column":36},"end":{"line":147,"column":92}},"type":"cond-expr","locations":[{"start":{"line":147,"column":61},"end":{"line":147,"column":74}},{"start":{"line":147,"column":77},"end":{"line":147,"column":92}}]}},"s":{"0":1,"1":1,"2":1,"3":1,"4":1,"5":1,"6":1,"7":1,"8":5,"9":5,"10":5,"11":0,"12":5,"13":5,"14":5,"15":5,"16":5,"17":5,"18":5,"19":0,"20":5,"21":5,"22":5,"23":5,"24":0,"25":0,"26":0,"27":0,"28":5,"29":0,"30":0,"31":5,"32":1,"33":5,"34":0,"35":0,"36":0,"37":0,"38":5,"39":5,"40":1,"41":1,"42":1,"43":0,"44":1,"45":1,"46":1,"47":1,"48":1,"49":0,"50":0,"51":1},"f":{"0":5,"1":5,"2":0,"3":0,"4":1,"5":0,"6":1,"7":1},"b":{"0":[0],"1":[5],"2":[0,5],"3":[0],"4":[0],"5":[0,0],"6":[0],"7":[0,0]}}
,"D:\\Agent_Cellphone_V2_Repository\\extensions\\repository-navigator\\src\\importPathProvider.ts": {"path":"D:\\Agent_Cellphone_V2_Repository\\extensions\\repository-navigator\\src\\importPathProvider.ts","statementMap":{"0":{"start":{"line":2,"column":0},"end":{"line":2,"column":50}},"1":{"start":{"line":10,"column":12},"end":{"line":10,"column":49}},"2":{"start":{"line":17,"column":8},"end":{"line":17,"column":51}},"3":{"start":{"line":25,"column":8},"end":{"line":36,"column":9}},"4":{"start":{"line":26,"column":29},"end":{"line":26,"column":69}},"5":{"start":{"line":27,"column":12},"end":{"line":30,"column":13}},"6":{"start":{"line":28,"column":16},"end":{"line":28,"column":77}},"7":{"start":{"line":29,"column":16},"end":{"line":29,"column":29}},"8":{"start":{"line":31,"column":12},"end":{"line":31,"column":69}},"9":{"start":{"line":32,"column":12},"end":{"line":32,"column":24}},"10":{"start":{"line":34,"column":12},"end":{"line":34,"column":71}},"11":{"start":{"line":35,"column":12},"end":{"line":35,"column":25}},"12":{"start":{"line":45,"column":48},"end":{"line":45,"column":50}},"13":{"start":{"line":47,"column":8},"end":{"line":61,"column":9}},"14":{"start":{"line":48,"column":12},"end":{"line":60,"column":13}},"15":{"start":{"line":49,"column":16},"end":{"line":59,"column":19}},"16":{"start":{"line":63,"column":8},"end":{"line":63,"column":27}},"17":{"start":{"line":71,"column":8},"end":{"line":71,"column":37}},"18":{"start":{"line":80,"column":27},"end":{"line":80,"column":46}},"19":{"start":{"line":81,"column":8},"end":{"line":83,"column":10}},"20":{"start":{"line":82,"column":12},"end":{"line":82,"column":68}},"21":{"start":{"line":92,"column":8},"end":{"line":94,"column":10}},"22":{"start":{"line":93,"column":12},"end":{"line":93,"column":54}},"23":{"start":{"line":103,"column":27},"end":{"line":104,"column":null}},"24":{"start":{"line":104,"column":12},"end":{"line":104,"column":67}},"25":{"start":{"line":106,"column":8},"end":{"line":106,"column":38}},"26":{"start":{"line":115,"column":8},"end":{"line":117,"column":10}},"27":{"start":{"line":116,"column":12},"end":{"line":116,"column":67}},"28":{"start":{"line":126,"column":8},"end":{"line":128,"column":10}},"29":{"start":{"line":127,"column":12},"end":{"line":127,"column":67}},"30":{"start":{"line":136,"column":8},"end":{"line":136,"column":39}},"31":{"start":{"line":144,"column":8},"end":{"line":144,"column":38}},"32":{"start":{"line":8,"column":0},"end":{"line":8,"column":13}}},"fnMap":{"0":{"name":"(anonymous_0)","decl":{"start":{"line":16,"column":4},"end":{"line":16,"column":16}},"loc":{"start":{"line":16,"column":37},"end":{"line":18,"column":5}}},"1":{"name":"(anonymous_1)","decl":{"start":{"line":24,"column":4},"end":{"line":24,"column":9}},"loc":{"start":{"line":24,"column":25},"end":{"line":37,"column":5}}},"2":{"name":"(anonymous_2)","decl":{"start":{"line":44,"column":12},"end":{"line":44,"column":34}},"loc":{"start":{"line":44,"column":68},"end":{"line":64,"column":5}}},"3":{"name":"(anonymous_3)","decl":{"start":{"line":70,"column":4},"end":{"line":70,"column":21}},"loc":{"start":{"line":70,"column":21},"end":{"line":72,"column":5}}},"4":{"name":"(anonymous_4)","decl":{"start":{"line":79,"column":4},"end":{"line":79,"column":22}},"loc":{"start":{"line":79,"column":36},"end":{"line":84,"column":5}}},"5":{"name":"(anonymous_5)","decl":{"start":{"line":81,"column":39},"end":{"line":81,"column":49}},"loc":{"start":{"line":82,"column":12},"end":{"line":82,"column":68}}},"6":{"name":"(anonymous_6)","decl":{"start":{"line":91,"column":4},"end":{"line":91,"column":20}},"loc":{"start":{"line":91,"column":42},"end":{"line":95,"column":5}}},"7":{"name":"(anonymous_7)","decl":{"start":{"line":92,"column":39},"end":{"line":92,"column":49}},"loc":{"start":{"line":93,"column":12},"end":{"line":93,"column":54}}},"8":{"name":"(anonymous_8)","decl":{"start":{"line":102,"column":4},"end":{"line":102,"column":26}},"loc":{"start":{"line":102,"column":45},"end":{"line":107,"column":5}}},"9":{"name":"(anonymous_9)","decl":{"start":{"line":103,"column":49},"end":{"line":103,"column":50}},"loc":{"start":{"line":104,"column":12},"end":{"line":104,"column":67}}},"10":{"name":"(anonymous_10)","decl":{"start":{"line":114,"column":4},"end":{"line":114,"column":26}},"loc":{"start":{"line":114,"column":45},"end":{"line":118,"column":5}}},"11":{"name":"(anonymous_11)","decl":{"start":{"line":115,"column":37},"end":{"line":115,"column":38}},"loc":{"start":{"line":116,"column":12},"end":{"line":116,"column":67}}},"12":{"name":"(anonymous_12)","decl":{"start":{"line":125,"column":4},"end":{"line":125,"column":13}},"loc":{"start":{"line":125,"column":32},"end":{"line":129,"column":5}}},"13":{"name":"(anonymous_13)","decl":{"start":{"line":126,"column":37},"end":{"line":126,"column":38}},"loc":{"start":{"line":127,"column":12},"end":{"line":127,"column":67}}},"14":{"name":"(anonymous_14)","decl":{"start":{"line":135,"column":4},"end":{"line":135,"column":12}},"loc":{"start":{"line":135,"column":12},"end":{"line":137,"column":5}}},"15":{"name":"(anonymous_15)","decl":{"start":{"line":143,"column":4},"end":{"line":143,"column":9}},"loc":{"start":{"line":143,"column":17},"end":{"line":145,"column":5}}}},"branchMap":{"0":{"loc":{"start":{"line":27,"column":12},"end":{"line":30,"column":13}},"type":"if","locations":[{"start":{"line":27,"column":12},"end":{"line":30,"column":13}}]}},"s":{"0":2,"1":20,"2":20,"3":21,"4":21,"5":20,"6":6,"7":6,"8":14,"9":14,"10":1,"11":1,"12":14,"13":14,"14":13,"15":26,"16":14,"17":1,"18":3,"19":3,"20":6,"21":2,"22":4,"23":3,"24":4,"25":3,"26":0,"27":0,"28":2,"29":3,"30":4,"31":1,"32":2},"f":{"0":20,"1":21,"2":14,"3":1,"4":3,"5":6,"6":2,"7":4,"8":3,"9":4,"10":0,"11":0,"12":2,"13":3,"14":4,"15":1},"b":{"0":[6]}}
,"D:\\Agent_Cellphone_V2_Repository\\extensions\\repository-navigator\\src\\metadataReader.ts": {"path":"D:\\Agent_Cellphone_V2_Repository\\extensions\\repository-navigator\\src\\metadataReader.ts","statementMap":{"0":{"start":{"line":7,"column":0},"end":{"line":7,"column":33}},"1":{"start":{"line":8,"column":0},"end":{"line":8,"column":25}},"2":{"start":{"line":9,"column":0},"end":{"line":9,"column":29}},"3":{"start":{"line":17,"column":33},"end":{"line":17,"column":66}},"4":{"start":{"line":18,"column":8},"end":{"line":20,"column":9}},"5":{"start":{"line":19,"column":12},"end":{"line":19,"column":57}},"6":{"start":{"line":21,"column":8},"end":{"line":21,"column":60}},"7":{"start":{"line":22,"column":8},"end":{"line":26,"column":10}},"8":{"start":{"line":33,"column":8},"end":{"line":59,"column":9}},"9":{"start":{"line":35,"column":12},"end":{"line":41,"column":13}},"10":{"start":{"line":36,"column":16},"end":{"line":39,"column":18}},"11":{"start":{"line":40,"column":16},"end":{"line":40,"column":28}},"12":{"start":{"line":44,"column":28},"end":{"line":44,"column":70}},"13":{"start":{"line":47,"column":54},"end":{"line":47,"column":73}},"14":{"start":{"line":50,"column":12},"end":{"line":53,"column":13}},"15":{"start":{"line":51,"column":16},"end":{"line":51,"column":78}},"16":{"start":{"line":52,"column":16},"end":{"line":52,"column":28}},"17":{"start":{"line":55,"column":12},"end":{"line":55,"column":28}},"18":{"start":{"line":57,"column":12},"end":{"line":57,"column":60}},"19":{"start":{"line":58,"column":12},"end":{"line":58,"column":24}},"20":{"start":{"line":66,"column":24},"end":{"line":68,"column":null}},"21":{"start":{"line":71,"column":24},"end":{"line":71,"column":73}},"22":{"start":{"line":73,"column":8},"end":{"line":73,"column":46}},"23":{"start":{"line":73,"column":34},"end":{"line":73,"column":44}},"24":{"start":{"line":74,"column":8},"end":{"line":74,"column":46}},"25":{"start":{"line":74,"column":34},"end":{"line":74,"column":44}},"26":{"start":{"line":75,"column":8},"end":{"line":75,"column":46}},"27":{"start":{"line":75,"column":34},"end":{"line":75,"column":44}},"28":{"start":{"line":77,"column":8},"end":{"line":77,"column":23}},"29":{"start":{"line":84,"column":8},"end":{"line":84,"column":33}},"30":{"start":{"line":91,"column":8},"end":{"line":91,"column":48}},"31":{"start":{"line":12,"column":0},"end":{"line":12,"column":13}}},"fnMap":{"0":{"name":"(anonymous_9)","decl":{"start":{"line":16,"column":4},"end":{"line":16,"column":null}},"loc":{"start":{"line":16,"column":4},"end":{"line":27,"column":5}}},"1":{"name":"(anonymous_10)","decl":{"start":{"line":32,"column":4},"end":{"line":32,"column":9}},"loc":{"start":{"line":32,"column":22},"end":{"line":60,"column":5}}},"2":{"name":"(anonymous_11)","decl":{"start":{"line":65,"column":4},"end":{"line":65,"column":17}},"loc":{"start":{"line":65,"column":38},"end":{"line":78,"column":5}}},"3":{"name":"(anonymous_12)","decl":{"start":{"line":73,"column":28},"end":{"line":73,"column":31}},"loc":{"start":{"line":73,"column":34},"end":{"line":73,"column":44}}},"4":{"name":"(anonymous_13)","decl":{"start":{"line":74,"column":28},"end":{"line":74,"column":31}},"loc":{"start":{"line":74,"column":34},"end":{"line":74,"column":44}}},"5":{"name":"(anonymous_14)","decl":{"start":{"line":75,"column":28},"end":{"line":75,"column":31}},"loc":{"start":{"line":75,"column":34},"end":{"line":75,"column":44}}},"6":{"name":"(anonymous_15)","decl":{"start":{"line":83,"column":4},"end":{"line":83,"column":19}},"loc":{"start":{"line":83,"column":19},"end":{"line":85,"column":5}}},"7":{"name":"(anonymous_16)","decl":{"start":{"line":90,"column":4},"end":{"line":90,"column":18}},"loc":{"start":{"line":90,"column":18},"end":{"line":92,"column":5}}}},"branchMap":{"0":{"loc":{"start":{"line":18,"column":8},"end":{"line":20,"column":9}},"type":"if","locations":[{"start":{"line":18,"column":8},"end":{"line":20,"column":9}}]},"1":{"loc":{"start":{"line":35,"column":12},"end":{"line":41,"column":13}},"type":"if","locations":[{"start":{"line":35,"column":12},"end":{"line":41,"column":13}}]},"2":{"loc":{"start":{"line":50,"column":12},"end":{"line":53,"column":13}},"type":"if","locations":[{"start":{"line":50,"column":12},"end":{"line":53,"column":13}}]},"3":{"loc":{"start":{"line":50,"column":16},"end":{"line":50,"column":79}},"type":"binary-expr","locations":[{"start":{"line":50,"column":16},"end":{"line":50,"column":38}},{"start":{"line":50,"column":42},"end":{"line":50,"column":79}}]}},"s":{"0":4,"1":4,"2":4,"3":12,"4":12,"5":1,"6":11,"7":11,"8":5,"9":5,"10":1,"11":1,"12":4,"13":4,"14":3,"15":2,"16":2,"17":1,"18":1,"19":1,"20":1,"21":1,"22":1,"23":0,"24":1,"25":0,"26":1,"27":0,"28":1,"29":3,"30":2,"31":4},"f":{"0":12,"1":5,"2":1,"3":0,"4":0,"5":0,"6":3,"7":2},"b":{"0":[1],"1":[1],"2":[2],"3":[3,2]}}
,"D:\\Agent_Cellphone_V2_Repository\\extensions\\repository-navigator\\src\\treeDataProvider.ts": {"path":"D:\\Agent_Cellphone_V2_Repository\\extensions\\repository-navigator\\src\\treeDataProvider.ts","statementMap":{"0":{"start":{"line":7,"column":0},"end":{"line":7,"column":33}},"1":{"start":{"line":8,"column":0},"end":{"line":8,"column":29}},"2":{"start":{"line":9,"column":0},"end":{"line":9,"column":50}},"3":{"start":{"line":15,"column":12},"end":{"line":17,"column":74}},"4":{"start":{"line":19,"column":13},"end":{"line":21,"column":40}},"5":{"start":{"line":26,"column":8},"end":{"line":26,"column":51}},"6":{"start":{"line":33,"column":8},"end":{"line":33,"column":41}},"7":{"start":{"line":40,"column":8},"end":{"line":40,"column":23}},"8":{"start":{"line":47,"column":8},"end":{"line":56,"column":9}},"9":{"start":{"line":49,"column":12},"end":{"line":49,"column":45}},"10":{"start":{"line":50,"column":15},"end":{"line":56,"column":9}},"11":{"start":{"line":52,"column":12},"end":{"line":52,"column":55}},"12":{"start":{"line":55,"column":12},"end":{"line":55,"column":22}},"13":{"start":{"line":63,"column":25},"end":{"line":63,"column":65}},"14":{"start":{"line":65,"column":8},"end":{"line":76,"column":9}},"15":{"start":{"line":66,"column":12},"end":{"line":75,"column":14}},"16":{"start":{"line":78,"column":8},"end":{"line":80,"column":10}},"17":{"start":{"line":79,"column":12},"end":{"line":79,"column":48}},"18":{"start":{"line":87,"column":25},"end":{"line":87,"column":65}},"19":{"start":{"line":89,"column":8},"end":{"line":91,"column":9}},"20":{"start":{"line":90,"column":12},"end":{"line":90,"column":22}},"21":{"start":{"line":93,"column":28},"end":{"line":94,"column":null}},"22":{"start":{"line":94,"column":17},"end":{"line":94,"column":32}},"23":{"start":{"line":97,"column":8},"end":{"line":99,"column":9}},"24":{"start":{"line":98,"column":12},"end":{"line":98,"column":22}},"25":{"start":{"line":101,"column":8},"end":{"line":103,"column":10}},"26":{"start":{"line":102,"column":12},"end":{"line":102,"column":58}},"27":{"start":{"line":110,"column":27},"end":{"line":110,"column":65}},"28":{"start":{"line":111,"column":22},"end":{"line":111,"column":57}},"29":{"start":{"line":112,"column":28},"end":{"line":112,"column":63}},"30":{"start":{"line":113,"column":24},"end":{"line":113,"column":59}},"31":{"start":{"line":115,"column":8},"end":{"line":123,"column":10}},"32":{"start":{"line":133,"column":21},"end":{"line":133,"column":50}},"33":{"start":{"line":134,"column":22},"end":{"line":134,"column":46}},"34":{"start":{"line":135,"column":28},"end":{"line":135,"column":51}},"35":{"start":{"line":136,"column":24},"end":{"line":136,"column":56}},"36":{"start":{"line":137,"column":25},"end":{"line":139,"column":null}},"37":{"start":{"line":142,"column":8},"end":{"line":150,"column":10}},"38":{"start":{"line":157,"column":8},"end":{"line":162,"column":9}},"39":{"start":{"line":158,"column":32},"end":{"line":158,"column":43}},"40":{"start":{"line":159,"column":28},"end":{"line":159,"column":40}},"41":{"start":{"line":160,"column":26},"end":{"line":160,"column":37}},"42":{"start":{"line":161,"column":21},"end":{"line":161,"column":32}},"43":{"start":{"line":169,"column":8},"end":{"line":180,"column":21}},"44":{"start":{"line":187,"column":8},"end":{"line":196,"column":53}},"45":{"start":{"line":196,"column":25},"end":{"line":196,"column":40}},"46":{"start":{"line":12,"column":0},"end":{"line":12,"column":13}},"47":{"start":{"line":213,"column":8},"end":{"line":213,"column":39}},"48":{"start":{"line":205,"column":24},"end":{"line":205,"column":37}},"49":{"start":{"line":206,"column":24},"end":{"line":206,"column":38}},"50":{"start":{"line":207,"column":24},"end":{"line":207,"column":73}},"51":{"start":{"line":208,"column":24},"end":{"line":208,"column":44}},"52":{"start":{"line":209,"column":24},"end":{"line":209,"column":44}},"53":{"start":{"line":210,"column":24},"end":{"line":210,"column":40}},"54":{"start":{"line":211,"column":24},"end":{"line":211,"column":41}},"55":{"start":{"line":215,"column":8},"end":{"line":215,"column":39}},"56":{"start":{"line":216,"column":8},"end":{"line":216,"column":31}},"57":{"start":{"line":219,"column":8},"end":{"line":225,"column":9}},"58":{"start":{"line":220,"column":12},"end":{"line":224,"column":14}},"59":{"start":{"line":203,"column":0},"end":{"line":203,"column":13}}},"fnMap":{"0":{"name":"(anonymous_9)","decl":{"start":{"line":25,"column":4},"end":{"line":25,"column":null}},"loc":{"start":{"line":25,"column":4},"end":{"line":27,"column":5}}},"1":{"name":"(anonymous_10)","decl":{"start":{"line":32,"column":4},"end":{"line":32,"column":11}},"loc":{"start":{"line":32,"column":11},"end":{"line":34,"column":5}}},"2":{"name":"(anonymous_11)","decl":{"start":{"line":39,"column":4},"end":{"line":39,"column":15}},"loc":{"start":{"line":39,"column":37},"end":{"line":41,"column":5}}},"3":{"name":"(anonymous_12)","decl":{"start":{"line":46,"column":4},"end":{"line":46,"column":9}},"loc":{"start":{"line":46,"column":44},"end":{"line":57,"column":5}}},"4":{"name":"(anonymous_13)","decl":{"start":{"line":62,"column":12},"end":{"line":62,"column":17}},"loc":{"start":{"line":62,"column":36},"end":{"line":81,"column":5}}},"5":{"name":"(anonymous_14)","decl":{"start":{"line":78,"column":41},"end":{"line":78,"column":52}},"loc":{"start":{"line":79,"column":12},"end":{"line":79,"column":48}}},"6":{"name":"(anonymous_15)","decl":{"start":{"line":86,"column":12},"end":{"line":86,"column":17}},"loc":{"start":{"line":86,"column":47},"end":{"line":104,"column":5}}},"7":{"name":"(anonymous_16)","decl":{"start":{"line":94,"column":12},"end":{"line":94,"column":13}},"loc":{"start":{"line":94,"column":17},"end":{"line":94,"column":32}}},"8":{"name":"(anonymous_17)","decl":{"start":{"line":101,"column":39},"end":{"line":101,"column":45}},"loc":{"start":{"line":102,"column":12},"end":{"line":102,"column":58}}},"9":{"name":"(anonymous_18)","decl":{"start":{"line":109,"column":12},"end":{"line":109,"column":30}},"loc":{"start":{"line":109,"column":55},"end":{"line":124,"column":5}}},"10":{"name":"(anonymous_19)","decl":{"start":{"line":129,"column":12},"end":{"line":129,"column":32}},"loc":{"start":{"line":131,"column":32},"end":{"line":151,"column":5}}},"11":{"name":"(anonymous_20)","decl":{"start":{"line":156,"column":12},"end":{"line":156,"column":25}},"loc":{"start":{"line":156,"column":40},"end":{"line":163,"column":5}}},"12":{"name":"(anonymous_21)","decl":{"start":{"line":168,"column":12},"end":{"line":168,"column":29}},"loc":{"start":{"line":168,"column":54},"end":{"line":181,"column":5}}},"13":{"name":"(anonymous_22)","decl":{"start":{"line":186,"column":12},"end":{"line":186,"column":31}},"loc":{"start":{"line":186,"column":46},"end":{"line":197,"column":5}}},"14":{"name":"(anonymous_23)","decl":{"start":{"line":196,"column":17},"end":{"line":196,"column":21}},"loc":{"start":{"line":196,"column":25},"end":{"line":196,"column":40}}},"15":{"name":"(anonymous_24)","decl":{"start":{"line":204,"column":4},"end":{"line":204,"column":null}},"loc":{"start":{"line":211,"column":41},"end":{"line":226,"column":5}}}},"branchMap":{"0":{"loc":{"start":{"line":47,"column":8},"end":{"line":56,"column":9}},"type":"if","locations":[{"start":{"line":47,"column":8},"end":{"line":56,"column":9}},{"start":{"line":50,"column":15},"end":{"line":56,"column":9}}]},"1":{"loc":{"start":{"line":50,"column":15},"end":{"line":56,"column":9}},"type":"if","locations":[{"start":{"line":50,"column":15},"end":{"line":56,"column":9}},{"start":{"line":53,"column":15},"end":{"line":56,"column":9}}]},"2":{"loc":{"start":{"line":65,"column":8},"end":{"line":76,"column":9}},"type":"if","locations":[{"start":{"line":65,"column":8},"end":{"line":76,"column":9}}]},"3":{"loc":{"start":{"line":65,"column":12},"end":{"line":65,"column":47}},"type":"binary-expr","locations":[{"start":{"line":65,"column":12},"end":{"line":65,"column":21}},{"start":{"line":65,"column":25},"end":{"line":65,"column":47}}]},"4":{"loc":{"start":{"line":89,"column":8},"end":{"line":91,"column":9}},"type":"if","locations":[{"start":{"line":89,"column":8},"end":{"line":91,"column":9}}]},"5":{"loc":{"start":{"line":97,"column":8},"end":{"line":99,"column":9}},"type":"if","locations":[{"start":{"line":97,"column":8},"end":{"line":99,"column":9}}]},"6":{"loc":{"start":{"line":133,"column":21},"end":{"line":133,"column":50}},"type":"cond-expr","locations":[{"start":{"line":133,"column":39},"end":{"line":133,"column":43}},{"start":{"line":133,"column":46},"end":{"line":133,"column":50}}]},"7":{"loc":{"start":{"line":157,"column":8},"end":{"line":162,"column":9}},"type":"switch","locations":[{"start":{"line":158,"column":12},"end":{"line":158,"column":43}},{"start":{"line":159,"column":12},"end":{"line":159,"column":40}},{"start":{"line":160,"column":12},"end":{"line":160,"column":37}},{"start":{"line":161,"column":12},"end":{"line":161,"column":32}}]},"8":{"loc":{"start":{"line":175,"column":29},"end":{"line":175,"column":65}},"type":"cond-expr","locations":[{"start":{"line":175,"column":56},"end":{"line":175,"column":59}},{"start":{"line":175,"column":62},"end":{"line":175,"column":65}}]},"9":{"loc":{"start":{"line":176,"column":32},"end":{"line":176,"column":71}},"type":"cond-expr","locations":[{"start":{"line":176,"column":62},"end":{"line":176,"column":65}},{"start":{"line":176,"column":68},"end":{"line":176,"column":71}}]},"10":{"loc":{"start":{"line":193,"column":12},"end":{"line":193,"column":50}},"type":"cond-expr","locations":[{"start":{"line":193,"column":30},"end":{"line":193,"column":45}},{"start":{"line":193,"column":48},"end":{"line":193,"column":50}}]},"11":{"loc":{"start":{"line":219,"column":8},"end":{"line":225,"column":9}},"type":"if","locations":[{"start":{"line":219,"column":8},"end":{"line":225,"column":9}}]},"12":{"loc":{"start":{"line":219,"column":12},"end":{"line":219,"column":49}},"type":"binary-expr","locations":[{"start":{"line":219,"column":12},"end":{"line":219,"column":37}},{"start":{"line":219,"column":41},"end":{"line":219,"column":49}}]}},"s":{"0":2,"1":2,"2":2,"3":7,"4":7,"5":7,"6":1,"7":1,"8":5,"9":2,"10":3,"11":2,"12":1,"13":2,"14":2,"15":1,"16":1,"17":1,"18":2,"19":2,"20":0,"21":2,"22":1,"23":2,"24":1,"25":1,"26":1,"27":1,"28":1,"29":1,"30":1,"31":1,"32":1,"33":1,"34":1,"35":1,"36":1,"37":1,"38":1,"39":1,"40":0,"41":0,"42":0,"43":1,"44":1,"45":8,"46":2,"47":10,"48":10,"49":10,"50":10,"51":10,"52":10,"53":10,"54":10,"55":10,"56":10,"57":10,"58":2,"59":2},"f":{"0":7,"1":1,"2":1,"3":5,"4":2,"5":1,"6":2,"7":1,"8":1,"9":1,"10":1,"11":1,"12":1,"13":1,"14":8,"15":10},"b":{"0":[2,3],"1":[2,1],"2":[1],"3":[2,1],"4":[0],"5":[1],"6":[0,1],"7":[1,0,0,0],"8":[1,0],"9":[1,0],"10":[0,1],"11":[2],"12":[10,3]}}
}
