TN:
SF:src\completionProvider.ts
FN:15,(anonymous_9)
FN:27,(anonymous_10)
FN:42,(anonymous_11)
FN:50,(anonymous_12)
FN:60,(anonymous_13)
FN:89,(anonymous_14)
FN:128,(anonymous_15)
FNF:7
FNH:7
FNDA:12,(anonymous_9)
FNDA:6,(anonymous_10)
FNDA:10,(anonymous_11)
FNDA:6,(anonymous_12)
FNDA:10,(anonymous_13)
FNDA:10,(anonymous_14)
FNDA:1,(anonymous_15)
DA:1,2
DA:8,2
DA:16,12
DA:33,6
DA:36,6
DA:37,1
DA:41,5
DA:42,10
DA:52,6
DA:61,10
DA:67,10
DA:70,10
DA:73,10
DA:76,10
DA:79,10
DA:81,10
DA:90,10
DA:93,10
DA:94,10
DA:97,10
DA:100,10
DA:103,10
DA:106,10
DA:109,10
DA:110,5
DA:114,10
DA:115,10
DA:118,10
DA:119,10
DA:133,1
LF:30
LH:30
BRDA:36,0,0,1
BRDA:70,1,0,5
BRDA:70,1,1,5
BRDA:109,2,0,5
BRDA:114,3,0,10
BRDA:114,4,0,10
BRDA:114,4,1,10
BRF:7
BRH:7
end_of_record
TN:
SF:src\extension.ts
FN:21,activate
FN:50,(anonymous_10)
FN:70,(anonymous_11)
FN:81,(anonymous_12)
FN:91,(anonymous_13)
FN:99,(anonymous_14)
FN:127,openRepoFile
FN:156,deactivate
FNF:8
FNH:5
FNDA:5,activate
FNDA:5,(anonymous_10)
FNDA:0,(anonymous_11)
FNDA:0,(anonymous_12)
FNDA:1,(anonymous_13)
FNDA:0,(anonymous_14)
FNDA:1,openRepoFile
FNDA:1,deactivate
DA:8,1
DA:9,1
DA:10,1
DA:11,1
DA:12,1
DA:13,1
DA:21,1
DA:22,5
DA:25,5
DA:28,5
DA:29,0
DA:36,5
DA:39,5
DA:45,5
DA:46,5
DA:47,5
DA:50,5
DA:51,5
DA:52,0
DA:54,5
DA:59,5
DA:66,5
DA:70,5
DA:71,0
DA:72,0
DA:73,0
DA:74,0
DA:79,5
DA:82,0
DA:83,0
DA:89,5
DA:92,1
DA:97,5
DA:100,0
DA:101,0
DA:102,0
DA:103,0
DA:113,5
DA:121,5
DA:128,1
DA:129,1
DA:130,1
DA:131,0
DA:135,1
DA:138,1
DA:139,1
DA:142,1
DA:144,1
DA:146,0
DA:149,0
DA:156,1
DA:157,1
LF:52
LH:37
BRDA:28,0,0,0
BRDA:46,1,0,5
BRDA:51,2,0,0
BRDA:51,2,1,5
BRDA:73,3,0,0
BRDA:100,4,0,0
BRDA:104,5,0,0
BRDA:104,5,1,0
BRDA:130,6,0,0
BRDA:147,7,0,0
BRDA:147,7,1,0
BRF:11
BRH:2
end_of_record
TN:
SF:src\importPathProvider.ts
FN:16,(anonymous_0)
FN:24,(anonymous_1)
FN:44,(anonymous_2)
FN:70,(anonymous_3)
FN:79,(anonymous_4)
FN:81,(anonymous_5)
FN:91,(anonymous_6)
FN:92,(anonymous_7)
FN:102,(anonymous_8)
FN:103,(anonymous_9)
FN:114,(anonymous_10)
FN:115,(anonymous_11)
FN:125,(anonymous_12)
FN:126,(anonymous_13)
FN:135,(anonymous_14)
FN:143,(anonymous_15)
FNF:16
FNH:14
FNDA:20,(anonymous_0)
FNDA:21,(anonymous_1)
FNDA:14,(anonymous_2)
FNDA:1,(anonymous_3)
FNDA:3,(anonymous_4)
FNDA:6,(anonymous_5)
FNDA:2,(anonymous_6)
FNDA:4,(anonymous_7)
FNDA:3,(anonymous_8)
FNDA:4,(anonymous_9)
FNDA:0,(anonymous_10)
FNDA:0,(anonymous_11)
FNDA:2,(anonymous_12)
FNDA:3,(anonymous_13)
FNDA:4,(anonymous_14)
FNDA:1,(anonymous_15)
DA:2,2
DA:8,2
DA:10,20
DA:17,20
DA:25,21
DA:26,21
DA:27,20
DA:28,6
DA:29,6
DA:31,14
DA:32,14
DA:34,1
DA:35,1
DA:45,14
DA:47,14
DA:48,13
DA:49,26
DA:63,14
DA:71,1
DA:80,3
DA:81,3
DA:82,6
DA:92,2
DA:93,4
DA:103,3
DA:104,4
DA:106,3
DA:115,0
DA:116,0
DA:126,2
DA:127,3
DA:136,4
DA:144,1
LF:33
LH:31
BRDA:27,0,0,6
BRF:1
BRH:1
end_of_record
TN:
SF:src\metadataReader.ts
FN:16,(anonymous_9)
FN:32,(anonymous_10)
FN:65,(anonymous_11)
FN:73,(anonymous_12)
FN:74,(anonymous_13)
FN:75,(anonymous_14)
FN:83,(anonymous_15)
FN:90,(anonymous_16)
FNF:8
FNH:5
FNDA:12,(anonymous_9)
FNDA:5,(anonymous_10)
FNDA:1,(anonymous_11)
FNDA:0,(anonymous_12)
FNDA:0,(anonymous_13)
FNDA:0,(anonymous_14)
FNDA:3,(anonymous_15)
FNDA:2,(anonymous_16)
DA:7,4
DA:8,4
DA:9,4
DA:12,4
DA:17,12
DA:18,12
DA:19,1
DA:21,11
DA:22,11
DA:33,5
DA:35,5
DA:36,1
DA:40,1
DA:44,4
DA:47,4
DA:50,3
DA:51,2
DA:52,2
DA:55,1
DA:57,1
DA:58,1
DA:66,1
DA:71,1
DA:73,1
DA:74,1
DA:75,1
DA:77,1
DA:84,3
DA:91,2
LF:29
LH:29
BRDA:18,0,0,1
BRDA:35,1,0,1
BRDA:50,2,0,2
BRDA:50,3,0,3
BRDA:50,3,1,2
BRF:5
BRH:5
end_of_record
TN:
SF:src\treeDataProvider.ts
FN:25,(anonymous_9)
FN:32,(anonymous_10)
FN:39,(anonymous_11)
FN:46,(anonymous_12)
FN:62,(anonymous_13)
FN:78,(anonymous_14)
FN:86,(anonymous_15)
FN:94,(anonymous_16)
FN:101,(anonymous_17)
FN:109,(anonymous_18)
FN:129,(anonymous_19)
FN:156,(anonymous_20)
FN:168,(anonymous_21)
FN:186,(anonymous_22)
FN:196,(anonymous_23)
FN:204,(anonymous_24)
FNF:16
FNH:16
FNDA:7,(anonymous_9)
FNDA:1,(anonymous_10)
FNDA:1,(anonymous_11)
FNDA:5,(anonymous_12)
FNDA:2,(anonymous_13)
FNDA:1,(anonymous_14)
FNDA:2,(anonymous_15)
FNDA:1,(anonymous_16)
FNDA:1,(anonymous_17)
FNDA:1,(anonymous_18)
FNDA:1,(anonymous_19)
FNDA:1,(anonymous_20)
FNDA:1,(anonymous_21)
FNDA:1,(anonymous_22)
FNDA:8,(anonymous_23)
FNDA:10,(anonymous_24)
DA:7,2
DA:8,2
DA:9,2
DA:12,2
DA:15,7
DA:19,7
DA:26,7
DA:33,1
DA:40,1
DA:47,5
DA:49,2
DA:50,3
DA:52,2
DA:55,1
DA:63,2
DA:65,2
DA:66,1
DA:78,1
DA:79,1
DA:87,2
DA:89,2
DA:90,0
DA:93,2
DA:94,1
DA:97,2
DA:98,1
DA:101,1
DA:102,1
DA:110,1
DA:111,1
DA:112,1
DA:113,1
DA:115,1
DA:133,1
DA:134,1
DA:135,1
DA:136,1
DA:137,1
DA:142,1
DA:157,1
DA:158,1
DA:159,0
DA:160,0
DA:161,0
DA:169,1
DA:187,1
DA:196,8
DA:203,2
DA:205,10
DA:206,10
DA:207,10
DA:208,10
DA:209,10
DA:210,10
DA:211,10
DA:213,10
DA:215,10
DA:216,10
DA:219,10
DA:220,2
LF:60
LH:56
BRDA:47,0,0,2
BRDA:47,0,1,3
BRDA:50,1,0,2
BRDA:50,1,1,1
BRDA:65,2,0,1
BRDA:65,3,0,2
BRDA:65,3,1,1
BRDA:89,4,0,0
BRDA:97,5,0,1
BRDA:133,6,0,0
BRDA:133,6,1,1
BRDA:157,7,0,1
BRDA:157,7,1,0
BRDA:157,7,2,0
BRDA:157,7,3,0
BRDA:175,8,0,1
BRDA:175,8,1,0
BRDA:176,9,0,1
BRDA:176,9,1,0
BRDA:193,10,0,0
BRDA:193,10,1,1
BRDA:219,11,0,2
BRDA:219,12,0,10
BRDA:219,12,1,3
BRF:24
BRH:16
end_of_record
